<?xml version="1.0" encoding="UTF-8"?>
<testsuite name="MainTest" tests="6" skipped="0" failures="0" errors="0" timestamp="2017-10-23T18:30:17" hostname="fq-wireless-pittnet-150-212-3-57.wireless.pitt.edu" time="0.003">
  <properties/>
  <testcase name="TestLCNegative" classname="MainTest" time="0.002"/>
  <testcase name="TestLCZero" classname="MainTest" time="0.0"/>
  <testcase name="TestTriOne" classname="MainTest" time="0.0"/>
  <testcase name="TestTriNegative" classname="MainTest" time="0.0"/>
  <testcase name="TestTriZero" classname="MainTest" time="0.0"/>
  <testcase name="TestLCValid" classname="MainTest" time="0.0"/>
  <system-out><![CDATA[]]></system-out>
  <system-err><![CDATA[]]></system-err>
</testsuite>
